<?xml version="1.0" encoding="UTF-8"?>
<testng-results skipped="0" failed="0" ignored="0" total="1" passed="1">
  <reporter-output>
  </reporter-output>
  <suite name="Default suite" duration-ms="5348" started-at="2019-08-01T11:51:42Z" finished-at="2019-08-01T11:51:47Z">
    <groups>
    </groups>
    <test name="Default test" duration-ms="5348" started-at="2019-08-01T11:51:42Z" finished-at="2019-08-01T11:51:47Z">
      <class name="selenium.JenkinsIntegrationTest">
        <test-method status="PASS" signature="test()[pri:0, instance:selenium.JenkinsIntegrationTest@46d56d67]" name="test" duration-ms="5325" started-at="2019-08-01T11:51:42Z" finished-at="2019-08-01T11:51:47Z">
          <reporter-output>
          </reporter-output>
        </test-method> <!-- test -->
      </class> <!-- selenium.JenkinsIntegrationTest -->
    </test> <!-- Default test -->
  </suite> <!-- Default suite -->
</testng-results>
